<?xml version="1.0" encoding="UTF-8"?>
<!-- Generated by org.testng.reporters.JUnitXMLReporter -->
<testsuite ignored="0" hostname="DESKTOP-I5SV6OR" failures="0" tests="12" name="Chrome Test" time="101.15" errors="0" timestamp="2025-05-03T11:03:16 IST">
  <testcase classname="testScript.SubCategoryTest" name="addSubCategory" time="17.74"/>
  <testcase classname="testScript.ManageFooterTextTest" name="checkifActionButtonIsPresent" time="24.06"/>
  <testcase classname="testScript.ManageCategoryTest" name="manageCategory" time="25.194"/>
  <testcase classname="testScript.ManageNewsTest" name="manageNews" time="29.799"/>
  <testcase classname="testScript.ManageContactTest" name="manageContact" time="28.286"/>
  <testcase classname="testScript.LoginTest" name="verifyWhetherTheUserIsAbleToLoginUsingValidCredentials" time="4.784"/>
  <testcase classname="testScript.LogoutTest" name="logOutMethod" time="15.767"/>
  <testcase classname="testScript.ManageFooterTextTest" name="manageFooter" time="8.283"/>
  <testcase classname="testScript.SubCategoryTest" name="updateSubCategory" time="19.446"/>
  <testcase classname="testScript.LoginTest" name="verifyWhetherTheUserIsNotAbleToLoginUsingInValidUserNameAndInValidPassword" time="1.607"/>
  <testcase classname="testScript.LoginTest" name="verifyWhetherTheUserIsNotAbleToLoginUsingInvalidUserNameAndValidPassword" time="1.274"/>
  <testcase classname="testScript.LoginTest" name="verifyWhetherTheUserIsNotAbleToLoginUsingValidUserNameAndInValidPassword" time="1.609"/>
</testsuite> <!-- Chrome Test -->
