<?xml version="1.0" encoding="UTF-8"?>
<!-- Generated by org.testng.reporters.JUnitXMLReporter -->
<testsuite ignored="3" hostname="DESKTOP-I5SV6OR" failures="0" tests="9" name="Chrome Test" time="104.895" errors="0" timestamp="2025-05-03T10:39:37 IST">
  <testcase classname="testScript.ManageFooterTextTest" name="checkifActionButtonIsPresent" time="5.048"/>
  <testcase classname="testScript.ManageFooterTextTest" name="manageFooter" time="6.044"/>
  <testcase classname="testScript.ManageContactTest" name="manageContact" time="6.889"/>
  <testcase classname="testScript.ManageCategoryTest" name="manageCategory" time="9.176"/>
  <testcase classname="testScript.ManageNewsTest" name="manageNews" time="4.804"/>
  <testcase classname="testScript.SubCategoryTest" name="addSubCategory" time="7.465"/>
  <testcase classname="testScript.SubCategoryTest" name="updateSubCategory" time="5.884"/>
  <testcase classname="testScript.LogoutTest" name="logOutMethod" time="2.667"/>
  <testcase classname="testScript.LoginTest" name="verifyWhetherTheUserIsAbleToLoginUsingValidCredentials" time="1.976"/>
  <testcase classname="testScript.LoginTest" name="verifyWhetherTheUserIsNotAbleToLoginUsingValidUserNameAndInValidPassword" time="0.0">
    <ignored/>
  </testcase> <!-- verifyWhetherTheUserIsNotAbleToLoginUsingValidUserNameAndInValidPassword -->
  <testcase classname="testScript.LoginTest" name="verifyWhetherTheUserIsNotAbleToLoginUsingInValidUserNameAndInValidPassword" time="0.0">
    <ignored/>
  </testcase> <!-- verifyWhetherTheUserIsNotAbleToLoginUsingInValidUserNameAndInValidPassword -->
  <testcase classname="testScript.LoginTest" name="verifyWhetherTheUserIsNotAbleToLoginUsingInvalidUserNameAndValidPassword" time="0.0">
    <ignored/>
  </testcase> <!-- verifyWhetherTheUserIsNotAbleToLoginUsingInvalidUserNameAndValidPassword -->
</testsuite> <!-- Chrome Test -->
