<?xml version="1.0" encoding="UTF-8"?>
<!-- Generated by org.testng.reporters.JUnitXMLReporter -->
<testsuite ignored="3" hostname="DESKTOP-I5SV6OR" failures="0" tests="9" name="Edge Test" time="138.983" errors="0" timestamp="2025-05-03T10:41:56 IST">
  <testcase classname="testScript.ManageFooterTextTest" name="checkifActionButtonIsPresent" time="3.993"/>
  <testcase classname="testScript.ManageFooterTextTest" name="manageFooter" time="5.654"/>
  <testcase classname="testScript.ManageContactTest" name="manageContact" time="6.532"/>
  <testcase classname="testScript.ManageCategoryTest" name="manageCategory" time="5.817"/>
  <testcase classname="testScript.ManageNewsTest" name="manageNews" time="5.127"/>
  <testcase classname="testScript.SubCategoryTest" name="addSubCategory" time="7.356"/>
  <testcase classname="testScript.SubCategoryTest" name="updateSubCategory" time="8.84"/>
  <testcase classname="testScript.LogoutTest" name="logOutMethod" time="4.077"/>
  <testcase classname="testScript.LoginTest" name="verifyWhetherTheUserIsAbleToLoginUsingValidCredentials" time="5.79"/>
  <testcase classname="testScript.LoginTest" name="verifyWhetherTheUserIsNotAbleToLoginUsingValidUserNameAndInValidPassword" time="0.0">
    <ignored/>
  </testcase> <!-- verifyWhetherTheUserIsNotAbleToLoginUsingValidUserNameAndInValidPassword -->
  <testcase classname="testScript.LoginTest" name="verifyWhetherTheUserIsNotAbleToLoginUsingInvalidUserNameAndValidPassword" time="0.0">
    <ignored/>
  </testcase> <!-- verifyWhetherTheUserIsNotAbleToLoginUsingInvalidUserNameAndValidPassword -->
  <testcase classname="testScript.LoginTest" name="verifyWhetherTheUserIsNotAbleToLoginUsingInValidUserNameAndInValidPassword" time="0.0">
    <ignored/>
  </testcase> <!-- verifyWhetherTheUserIsNotAbleToLoginUsingInValidUserNameAndInValidPassword -->
</testsuite> <!-- Edge Test -->
