<?xml version="1.0" encoding="UTF-8"?>
<testng-results ignored="0" total="10" passed="10" failed="0" skipped="0">
  <reporter-output>
  </reporter-output>
  <suite started-at="2025-05-03T11:06:00 IST" name="Suite" finished-at="2025-05-03T11:07:57 IST" duration-ms="117412">
    <groups>
      <group name="regression">
        <method signature="AdminUsersTest.adminUsers()[pri:0, instance:testScript.AdminUsersTest@5bf0d49]" name="adminUsers" class="testScript.AdminUsersTest"/>
        <method signature="LogoutTest.logOutMethod()[pri:0, instance:testScript.LogoutTest@4afcd809]" name="logOutMethod" class="testScript.LogoutTest"/>
        <method signature="ManageCategoryTest.manageCategory()[pri:0, instance:testScript.ManageCategoryTest@13c9d689]" name="manageCategory" class="testScript.ManageCategoryTest"/>
        <method signature="ManageContactTest.manageContact()[pri:0, instance:testScript.ManageContactTest@28701274]" name="manageContact" class="testScript.ManageContactTest"/>
        <method signature="ManageFooterTextTest.checkifActionButtonIsPresent()[pri:0, instance:testScript.ManageFooterTextTest@5c6648b0]" name="checkifActionButtonIsPresent" class="testScript.ManageFooterTextTest"/>
        <method signature="ManageFooterTextTest.manageFooter()[pri:0, instance:testScript.ManageFooterTextTest@5c6648b0]" name="manageFooter" class="testScript.ManageFooterTextTest"/>
        <method signature="ManageNewsTest.manageNews()[pri:0, instance:testScript.ManageNewsTest@3754a4bf]" name="manageNews" class="testScript.ManageNewsTest"/>
        <method signature="SubCategoryTest.addSubCategory()[pri:0, instance:testScript.SubCategoryTest@62379589]" name="addSubCategory" class="testScript.SubCategoryTest"/>
        <method signature="SubCategoryTest.updateSubCategory()[pri:0, instance:testScript.SubCategoryTest@62379589]" name="updateSubCategory" class="testScript.SubCategoryTest"/>
      </group> <!-- regression -->
    </groups>
    <test started-at="2025-05-03T11:06:00 IST" name="Test" finished-at="2025-05-03T11:07:57 IST" duration-ms="117412">
      <class name="testScript.ManageContactTest">
        <test-method is-config="true" signature="browserInitialization(java.lang.String)[pri:0, instance:testScript.ManageContactTest@28701274]" started-at="2025-05-03T11:06:26 IST" name="browserInitialization" finished-at="2025-05-03T11:06:31 IST" duration-ms="5208" status="PASS">
          <params>
            <param index="0">
              <value>
                <![CDATA[chrome]]>
              </value>
            </param>
          </params>
          <reporter-output>
          </reporter-output>
        </test-method> <!-- browserInitialization -->
        <test-method signature="manageContact()[pri:0, instance:testScript.ManageContactTest@28701274]" started-at="2025-05-03T11:06:31 IST" name="manageContact" description="update contact details" finished-at="2025-05-03T11:06:38 IST" duration-ms="7040" status="PASS">
          <reporter-output>
          </reporter-output>
        </test-method> <!-- manageContact -->
        <test-method is-config="true" signature="browserQuit(org.testng.ITestResult)[pri:0, instance:testScript.ManageContactTest@28701274]" started-at="2025-05-03T11:06:38 IST" name="browserQuit" finished-at="2025-05-03T11:06:39 IST" duration-ms="430" status="PASS">
          <params>
            <param index="0">
              <value>
                <![CDATA[[TestResult name=manageContact status=SUCCESS method=ManageContactTest.manageContact()[pri:0, instance:testScript.ManageContactTest@28701274] output={null}]]]>
              </value>
            </param>
          </params>
          <reporter-output>
          </reporter-output>
        </test-method> <!-- browserQuit -->
      </class> <!-- testScript.ManageContactTest -->
      <class name="testScript.LoginTest">
        <test-method is-config="true" signature="browserInitialization(java.lang.String)[pri:0, instance:testScript.LoginTest@175c2241]" started-at="2025-05-03T11:07:37 IST" name="browserInitialization" finished-at="2025-05-03T11:07:43 IST" duration-ms="5582" status="PASS">
          <params>
            <param index="0">
              <value>
                <![CDATA[chrome]]>
              </value>
            </param>
          </params>
          <reporter-output>
          </reporter-output>
        </test-method> <!-- browserInitialization -->
        <test-method signature="verifyWhetherTheUserIsAbleToLoginUsingValidCredentials()[pri:0, instance:testScript.LoginTest@175c2241]" started-at="2025-05-03T11:07:43 IST" name="verifyWhetherTheUserIsAbleToLoginUsingValidCredentials" description="Verify whether user is able to login using valid credentials" finished-at="2025-05-03T11:07:45 IST" duration-ms="2232" status="PASS">
          <reporter-output>
          </reporter-output>
        </test-method> <!-- verifyWhetherTheUserIsAbleToLoginUsingValidCredentials -->
        <test-method is-config="true" signature="browserQuit(org.testng.ITestResult)[pri:0, instance:testScript.LoginTest@175c2241]" started-at="2025-05-03T11:07:45 IST" name="browserQuit" finished-at="2025-05-03T11:07:46 IST" duration-ms="414" status="PASS">
          <params>
            <param index="0">
              <value>
                <![CDATA[[TestResult name=verifyWhetherTheUserIsAbleToLoginUsingValidCredentials status=SUCCESS method=LoginTest.verifyWhetherTheUserIsAbleToLoginUsingValidCredentials()[pri:0, instance:testScript.LoginTest@175c2241] output={null}]]]>
              </value>
            </param>
          </params>
          <reporter-output>
          </reporter-output>
        </test-method> <!-- browserQuit -->
      </class> <!-- testScript.LoginTest -->
      <class name="testScript.ManageCategoryTest">
        <test-method is-config="true" signature="browserInitialization(java.lang.String)[pri:0, instance:testScript.ManageCategoryTest@13c9d689]" started-at="2025-05-03T11:06:39 IST" name="browserInitialization" finished-at="2025-05-03T11:06:45 IST" duration-ms="6182" status="PASS">
          <params>
            <param index="0">
              <value>
                <![CDATA[chrome]]>
              </value>
            </param>
          </params>
          <reporter-output>
          </reporter-output>
        </test-method> <!-- browserInitialization -->
        <test-method signature="manageCategory()[pri:0, instance:testScript.ManageCategoryTest@13c9d689]" started-at="2025-05-03T11:06:45 IST" name="manageCategory" description="Mange category uploading image" finished-at="2025-05-03T11:06:54 IST" duration-ms="8760" status="PASS">
          <reporter-output>
          </reporter-output>
        </test-method> <!-- manageCategory -->
        <test-method is-config="true" signature="browserQuit(org.testng.ITestResult)[pri:0, instance:testScript.ManageCategoryTest@13c9d689]" started-at="2025-05-03T11:06:54 IST" name="browserQuit" finished-at="2025-05-03T11:06:54 IST" duration-ms="488" status="PASS">
          <params>
            <param index="0">
              <value>
                <![CDATA[[TestResult name=manageCategory status=SUCCESS method=ManageCategoryTest.manageCategory()[pri:0, instance:testScript.ManageCategoryTest@13c9d689] output={null}]]]>
              </value>
            </param>
          </params>
          <reporter-output>
          </reporter-output>
        </test-method> <!-- browserQuit -->
      </class> <!-- testScript.ManageCategoryTest -->
      <class name="testScript.SubCategoryTest">
        <test-method is-config="true" signature="browserInitialization(java.lang.String)[pri:0, instance:testScript.SubCategoryTest@62379589]" started-at="2025-05-03T11:07:05 IST" name="browserInitialization" finished-at="2025-05-03T11:07:10 IST" duration-ms="4884" status="PASS">
          <params>
            <param index="0">
              <value>
                <![CDATA[chrome]]>
              </value>
            </param>
          </params>
          <reporter-output>
          </reporter-output>
        </test-method> <!-- browserInitialization -->
        <test-method signature="addSubCategory()[pri:0, instance:testScript.SubCategoryTest@62379589]" started-at="2025-05-03T11:07:10 IST" name="addSubCategory" description="adding subcategory" finished-at="2025-05-03T11:07:17 IST" duration-ms="7039" status="PASS">
          <reporter-output>
          </reporter-output>
        </test-method> <!-- addSubCategory -->
        <test-method is-config="true" signature="browserQuit(org.testng.ITestResult)[pri:0, instance:testScript.SubCategoryTest@62379589]" started-at="2025-05-03T11:07:17 IST" name="browserQuit" finished-at="2025-05-03T11:07:18 IST" duration-ms="458" status="PASS">
          <params>
            <param index="0">
              <value>
                <![CDATA[[TestResult name=addSubCategory status=SUCCESS method=SubCategoryTest.addSubCategory()[pri:0, instance:testScript.SubCategoryTest@62379589] output={null}]]]>
              </value>
            </param>
          </params>
          <reporter-output>
          </reporter-output>
        </test-method> <!-- browserQuit -->
        <test-method is-config="true" signature="browserInitialization(java.lang.String)[pri:0, instance:testScript.SubCategoryTest@62379589]" started-at="2025-05-03T11:07:18 IST" name="browserInitialization" finished-at="2025-05-03T11:07:23 IST" duration-ms="5286" status="PASS">
          <params>
            <param index="0">
              <value>
                <![CDATA[chrome]]>
              </value>
            </param>
          </params>
          <reporter-output>
          </reporter-output>
        </test-method> <!-- browserInitialization -->
        <test-method signature="updateSubCategory()[pri:0, instance:testScript.SubCategoryTest@62379589]" started-at="2025-05-03T11:07:23 IST" name="updateSubCategory" description="update subcategory" finished-at="2025-05-03T11:07:29 IST" duration-ms="5694" status="PASS">
          <reporter-output>
          </reporter-output>
        </test-method> <!-- updateSubCategory -->
        <test-method is-config="true" signature="browserQuit(org.testng.ITestResult)[pri:0, instance:testScript.SubCategoryTest@62379589]" started-at="2025-05-03T11:07:29 IST" name="browserQuit" finished-at="2025-05-03T11:07:29 IST" duration-ms="450" status="PASS">
          <params>
            <param index="0">
              <value>
                <![CDATA[[TestResult name=updateSubCategory status=SUCCESS method=SubCategoryTest.updateSubCategory()[pri:0, instance:testScript.SubCategoryTest@62379589] output={null}]]]>
              </value>
            </param>
          </params>
          <reporter-output>
          </reporter-output>
        </test-method> <!-- browserQuit -->
      </class> <!-- testScript.SubCategoryTest -->
      <class name="testScript.ManageNewsTest">
        <test-method is-config="true" signature="browserInitialization(java.lang.String)[pri:0, instance:testScript.ManageNewsTest@3754a4bf]" started-at="2025-05-03T11:06:54 IST" name="browserInitialization" finished-at="2025-05-03T11:07:00 IST" duration-ms="5579" status="PASS">
          <params>
            <param index="0">
              <value>
                <![CDATA[chrome]]>
              </value>
            </param>
          </params>
          <reporter-output>
          </reporter-output>
        </test-method> <!-- browserInitialization -->
        <test-method signature="manageNews()[pri:0, instance:testScript.ManageNewsTest@3754a4bf]" started-at="2025-05-03T11:07:00 IST" name="manageNews" description="Adding new news" finished-at="2025-05-03T11:07:05 IST" duration-ms="5020" status="PASS">
          <reporter-output>
          </reporter-output>
        </test-method> <!-- manageNews -->
        <test-method is-config="true" signature="browserQuit(org.testng.ITestResult)[pri:0, instance:testScript.ManageNewsTest@3754a4bf]" started-at="2025-05-03T11:07:05 IST" name="browserQuit" finished-at="2025-05-03T11:07:05 IST" duration-ms="437" status="PASS">
          <params>
            <param index="0">
              <value>
                <![CDATA[[TestResult name=manageNews status=SUCCESS method=ManageNewsTest.manageNews()[pri:0, instance:testScript.ManageNewsTest@3754a4bf] output={null}]]]>
              </value>
            </param>
          </params>
          <reporter-output>
          </reporter-output>
        </test-method> <!-- browserQuit -->
      </class> <!-- testScript.ManageNewsTest -->
      <class name="testScript.ManageFooterTextTest">
        <test-method is-config="true" signature="browserInitialization(java.lang.String)[pri:0, instance:testScript.ManageFooterTextTest@5c6648b0]" started-at="2025-05-03T11:06:00 IST" name="browserInitialization" finished-at="2025-05-03T11:06:09 IST" duration-ms="9054" status="PASS">
          <params>
            <param index="0">
              <value>
                <![CDATA[chrome]]>
              </value>
            </param>
          </params>
          <reporter-output>
          </reporter-output>
        </test-method> <!-- browserInitialization -->
        <test-method signature="checkifActionButtonIsPresent()[pri:0, instance:testScript.ManageFooterTextTest@5c6648b0]" started-at="2025-05-03T11:06:09 IST" name="checkifActionButtonIsPresent" description="check if action button is present" finished-at="2025-05-03T11:06:14 IST" duration-ms="5059" status="PASS">
          <reporter-output>
          </reporter-output>
        </test-method> <!-- checkifActionButtonIsPresent -->
        <test-method is-config="true" signature="browserQuit(org.testng.ITestResult)[pri:0, instance:testScript.ManageFooterTextTest@5c6648b0]" started-at="2025-05-03T11:06:14 IST" name="browserQuit" finished-at="2025-05-03T11:06:15 IST" duration-ms="690" status="PASS">
          <params>
            <param index="0">
              <value>
                <![CDATA[[TestResult name=checkifActionButtonIsPresent status=SUCCESS method=ManageFooterTextTest.checkifActionButtonIsPresent()[pri:0, instance:testScript.ManageFooterTextTest@5c6648b0] output={null}]]]>
              </value>
            </param>
          </params>
          <reporter-output>
          </reporter-output>
        </test-method> <!-- browserQuit -->
        <test-method is-config="true" signature="browserInitialization(java.lang.String)[pri:0, instance:testScript.ManageFooterTextTest@5c6648b0]" started-at="2025-05-03T11:06:15 IST" name="browserInitialization" finished-at="2025-05-03T11:06:20 IST" duration-ms="4551" status="PASS">
          <params>
            <param index="0">
              <value>
                <![CDATA[chrome]]>
              </value>
            </param>
          </params>
          <reporter-output>
          </reporter-output>
        </test-method> <!-- browserInitialization -->
        <test-method signature="manageFooter()[pri:0, instance:testScript.ManageFooterTextTest@5c6648b0]" started-at="2025-05-03T11:06:20 IST" name="manageFooter" description="update address,phone and email" finished-at="2025-05-03T11:06:25 IST" duration-ms="5876" status="PASS">
          <reporter-output>
          </reporter-output>
        </test-method> <!-- manageFooter -->
        <test-method is-config="true" signature="browserQuit(org.testng.ITestResult)[pri:0, instance:testScript.ManageFooterTextTest@5c6648b0]" started-at="2025-05-03T11:06:25 IST" name="browserQuit" finished-at="2025-05-03T11:06:26 IST" duration-ms="422" status="PASS">
          <params>
            <param index="0">
              <value>
                <![CDATA[[TestResult name=manageFooter status=SUCCESS method=ManageFooterTextTest.manageFooter()[pri:0, instance:testScript.ManageFooterTextTest@5c6648b0] output={null}]]]>
              </value>
            </param>
          </params>
          <reporter-output>
          </reporter-output>
        </test-method> <!-- browserQuit -->
      </class> <!-- testScript.ManageFooterTextTest -->
      <class name="testScript.LogoutTest">
        <test-method is-config="true" signature="browserInitialization(java.lang.String)[pri:0, instance:testScript.LogoutTest@4afcd809]" started-at="2025-05-03T11:07:29 IST" name="browserInitialization" finished-at="2025-05-03T11:07:34 IST" duration-ms="5174" status="PASS">
          <params>
            <param index="0">
              <value>
                <![CDATA[chrome]]>
              </value>
            </param>
          </params>
          <reporter-output>
          </reporter-output>
        </test-method> <!-- browserInitialization -->
        <test-method signature="logOutMethod()[pri:0, instance:testScript.LogoutTest@4afcd809]" started-at="2025-05-03T11:07:34 IST" name="logOutMethod" description="logout from website" finished-at="2025-05-03T11:07:37 IST" duration-ms="2862" status="PASS">
          <reporter-output>
          </reporter-output>
        </test-method> <!-- logOutMethod -->
        <test-method is-config="true" signature="browserQuit(org.testng.ITestResult)[pri:0, instance:testScript.LogoutTest@4afcd809]" started-at="2025-05-03T11:07:37 IST" name="browserQuit" finished-at="2025-05-03T11:07:37 IST" duration-ms="437" status="PASS">
          <params>
            <param index="0">
              <value>
                <![CDATA[[TestResult name=logOutMethod status=SUCCESS method=LogoutTest.logOutMethod()[pri:0, instance:testScript.LogoutTest@4afcd809] output={null}]]]>
              </value>
            </param>
          </params>
          <reporter-output>
          </reporter-output>
        </test-method> <!-- browserQuit -->
      </class> <!-- testScript.LogoutTest -->
      <class name="testScript.AdminUsersTest">
        <test-method is-config="true" signature="browserInitialization(java.lang.String)[pri:0, instance:testScript.AdminUsersTest@5bf0d49]" started-at="2025-05-03T11:07:46 IST" name="browserInitialization" finished-at="2025-05-03T11:07:51 IST" duration-ms="5092" status="PASS">
          <params>
            <param index="0">
              <value>
                <![CDATA[chrome]]>
              </value>
            </param>
          </params>
          <reporter-output>
          </reporter-output>
        </test-method> <!-- browserInitialization -->
        <test-method signature="adminUsers()[pri:0, instance:testScript.AdminUsersTest@5bf0d49]" started-at="2025-05-03T11:07:51 IST" name="adminUsers" description="Manage Admin users" finished-at="2025-05-03T11:07:57 IST" duration-ms="5916" status="PASS">
          <reporter-output>
          </reporter-output>
        </test-method> <!-- adminUsers -->
        <test-method is-config="true" signature="browserQuit(org.testng.ITestResult)[pri:0, instance:testScript.AdminUsersTest@5bf0d49]" started-at="2025-05-03T11:07:57 IST" name="browserQuit" finished-at="2025-05-03T11:07:57 IST" duration-ms="538" status="PASS">
          <params>
            <param index="0">
              <value>
                <![CDATA[[TestResult name=adminUsers status=SUCCESS method=AdminUsersTest.adminUsers()[pri:0, instance:testScript.AdminUsersTest@5bf0d49] output={null}]]]>
              </value>
            </param>
          </params>
          <reporter-output>
          </reporter-output>
        </test-method> <!-- browserQuit -->
      </class> <!-- testScript.AdminUsersTest -->
    </test> <!-- Test -->
  </suite> <!-- Suite -->
</testng-results>
