<?xml version="1.0" encoding="UTF-8"?>
<!-- Generated by org.testng.reporters.JUnitXMLReporter -->
<testsuite ignored="3" hostname="DESKTOP-I5SV6OR" failures="0" tests="1" name="Chrome Test" time="20.919" errors="0" timestamp="2025-05-03T10:50:21 IST">
  <testcase classname="testScript.LoginTest" name="verifyWhetherTheUserIsAbleToLoginUsingValidCredentials" time="6.637"/>
  <testcase classname="testScript.LoginTest" name="verifyWhetherTheUserIsNotAbleToLoginUsingValidUserNameAndInValidPassword" time="0.0">
    <ignored/>
  </testcase> <!-- verifyWhetherTheUserIsNotAbleToLoginUsingValidUserNameAndInValidPassword -->
  <testcase classname="testScript.LoginTest" name="verifyWhetherTheUserIsNotAbleToLoginUsingInvalidUserNameAndValidPassword" time="0.0">
    <ignored/>
  </testcase> <!-- verifyWhetherTheUserIsNotAbleToLoginUsingInvalidUserNameAndValidPassword -->
  <testcase classname="testScript.LoginTest" name="verifyWhetherTheUserIsNotAbleToLoginUsingInValidUserNameAndInValidPassword" time="0.0">
    <ignored/>
  </testcase> <!-- verifyWhetherTheUserIsNotAbleToLoginUsingInValidUserNameAndInValidPassword -->
</testsuite> <!-- Chrome Test -->
