<?xml version="1.0" encoding="UTF-8"?>
<!-- Generated by org.testng.reporters.JUnitXMLReporter -->
<testsuite ignored="3" hostname="DESKTOP-I5SV6OR" failures="0" tests="10" name="Test" time="117.412" errors="0" timestamp="2025-05-03T11:07:57 IST">
  <testcase classname="testScript.ManageFooterTextTest" name="checkifActionButtonIsPresent" time="5.059"/>
  <testcase classname="testScript.ManageFooterTextTest" name="manageFooter" time="5.876"/>
  <testcase classname="testScript.ManageContactTest" name="manageContact" time="7.04"/>
  <testcase classname="testScript.ManageCategoryTest" name="manageCategory" time="8.76"/>
  <testcase classname="testScript.ManageNewsTest" name="manageNews" time="5.02"/>
  <testcase classname="testScript.SubCategoryTest" name="addSubCategory" time="7.039"/>
  <testcase classname="testScript.SubCategoryTest" name="updateSubCategory" time="5.694"/>
  <testcase classname="testScript.LogoutTest" name="logOutMethod" time="2.862"/>
  <testcase classname="testScript.LoginTest" name="verifyWhetherTheUserIsAbleToLoginUsingValidCredentials" time="2.232"/>
  <testcase classname="testScript.AdminUsersTest" name="adminUsers" time="5.916"/>
  <testcase classname="testScript.LoginTest" name="verifyWhetherTheUserIsNotAbleToLoginUsingValidUserNameAndInValidPassword" time="0.0">
    <ignored/>
  </testcase> <!-- verifyWhetherTheUserIsNotAbleToLoginUsingValidUserNameAndInValidPassword -->
  <testcase classname="testScript.LoginTest" name="verifyWhetherTheUserIsNotAbleToLoginUsingInValidUserNameAndInValidPassword" time="0.0">
    <ignored/>
  </testcase> <!-- verifyWhetherTheUserIsNotAbleToLoginUsingInValidUserNameAndInValidPassword -->
  <testcase classname="testScript.LoginTest" name="verifyWhetherTheUserIsNotAbleToLoginUsingInvalidUserNameAndValidPassword" time="0.0">
    <ignored/>
  </testcase> <!-- verifyWhetherTheUserIsNotAbleToLoginUsingInvalidUserNameAndValidPassword -->
</testsuite> <!-- Test -->
